<?xml version="1.0" encoding="UTF-8"?>
<!-- Generated by org.testng.reporters.JUnitXMLReporter -->
<testsuite hostname="DESKTOP-SJFLRU4" ignored="0" name="Default test" tests="3" failures="0" timestamp="16 Nov 2019 12:09:14 GMT" time="111.278" errors="0">
  <testcase name="loginpageCredentialsTest" time="7.737" classname="com.qa.testcases.LoginPageTest"/>
  <testcase name="blankCredentialsTest" time="0.617" classname="com.qa.testcases.LoginPageTest"/>
  <testcase name="forgetPasswordTest" time="3.605" classname="com.qa.testcases.LoginPageTest"/>
</testsuite> <!-- Default test -->
