<?xml version="1.0" encoding="UTF-8"?>
<!-- Generated by org.testng.reporters.JUnitXMLReporter -->
<testsuite hostname="DESKTOP-SJFLRU4" ignored="2" name="Default test" tests="1" failures="0" timestamp="15 Nov 2019 09:51:11 GMT" time="22.313" errors="0">
  <testcase name="forgetPasswordTest" time="5.934" classname="com.qa.testcases.LoginPageTest"/>
  <testcase name="blankCredentialsTest" time="0.0" classname="com.qa.testcases.LoginPageTest">
    <ignored/>
  </testcase> <!-- blankCredentialsTest -->
  <testcase name="loginpageCredentialsTest" time="0.0" classname="com.qa.testcases.LoginPageTest">
    <ignored/>
  </testcase> <!-- loginpageCredentialsTest -->
</testsuite> <!-- Default test -->
