<?xml version="1.0" encoding="UTF-8"?>
<testng-results skipped="0" failed="0" ignored="0" total="2" passed="2">
  <reporter-output>
  </reporter-output>
  <suite name="Default suite" duration-ms="18478" started-at="2019-11-13T14:23:23Z" finished-at="2019-11-13T14:23:42Z">
    <groups>
    </groups>
    <test name="Default test" duration-ms="18478" started-at="2019-11-13T14:23:23Z" finished-at="2019-11-13T14:23:42Z">
      <class name="com.qa.testcases.LoginPageTest">
        <test-method status="PASS" signature="setUp()[pri:0, instance:com.qa.testcases.LoginPageTest@6d4b1c02]" name="setUp" is-config="true" duration-ms="7730" started-at="2019-11-13T14:23:23Z" finished-at="2019-11-13T14:23:31Z">
          <reporter-output>
          </reporter-output>
        </test-method> <!-- setUp -->
        <test-method status="PASS" signature="loginpageCredentialsTest()[pri:1, instance:com.qa.testcases.LoginPageTest@6d4b1c02]" name="loginpageCredentialsTest" duration-ms="3100" started-at="2019-11-13T14:23:31Z" finished-at="2019-11-13T14:23:34Z">
          <reporter-output>
          </reporter-output>
        </test-method> <!-- loginpageCredentialsTest -->
        <test-method status="PASS" signature="tearDown()[pri:0, instance:com.qa.testcases.LoginPageTest@6d4b1c02]" name="tearDown" is-config="true" duration-ms="745" started-at="2019-11-13T14:23:34Z" finished-at="2019-11-13T14:23:35Z">
          <reporter-output>
          </reporter-output>
        </test-method> <!-- tearDown -->
        <test-method status="PASS" signature="setUp()[pri:0, instance:com.qa.testcases.LoginPageTest@6d4b1c02]" name="setUp" is-config="true" duration-ms="5879" started-at="2019-11-13T14:23:35Z" finished-at="2019-11-13T14:23:41Z">
          <reporter-output>
          </reporter-output>
        </test-method> <!-- setUp -->
        <test-method status="PASS" signature="blankCredentialsTest()[pri:2, instance:com.qa.testcases.LoginPageTest@6d4b1c02]" name="blankCredentialsTest" duration-ms="265" started-at="2019-11-13T14:23:41Z" finished-at="2019-11-13T14:23:41Z">
          <reporter-output>
          </reporter-output>
        </test-method> <!-- blankCredentialsTest -->
        <test-method status="PASS" signature="tearDown()[pri:0, instance:com.qa.testcases.LoginPageTest@6d4b1c02]" name="tearDown" is-config="true" duration-ms="706" started-at="2019-11-13T14:23:41Z" finished-at="2019-11-13T14:23:42Z">
          <reporter-output>
          </reporter-output>
        </test-method> <!-- tearDown -->
      </class> <!-- com.qa.testcases.LoginPageTest -->
    </test> <!-- Default test -->
  </suite> <!-- Default suite -->
</testng-results>
