<?xml version="1.0" encoding="UTF-8"?>
<testng-results skipped="0" failed="0" ignored="0" total="3" passed="3">
  <reporter-output>
  </reporter-output>
  <suite name="Default suite" duration-ms="111278" started-at="2019-11-16T12:07:20Z" finished-at="2019-11-16T12:09:12Z">
    <groups>
    </groups>
    <test name="Default test" duration-ms="111278" started-at="2019-11-16T12:07:20Z" finished-at="2019-11-16T12:09:12Z">
      <class name="com.qa.testcases.LoginPageTest">
        <test-method status="PASS" signature="setUp()[pri:0, instance:com.qa.testcases.LoginPageTest@6d4b1c02]" name="setUp" is-config="true" duration-ms="60503" started-at="2019-11-16T12:07:21Z" finished-at="2019-11-16T12:08:21Z">
          <reporter-output>
          </reporter-output>
        </test-method> <!-- setUp -->
        <test-method status="PASS" signature="loginpageCredentialsTest()[pri:1, instance:com.qa.testcases.LoginPageTest@6d4b1c02]" name="loginpageCredentialsTest" duration-ms="7737" started-at="2019-11-16T12:08:21Z" finished-at="2019-11-16T12:08:29Z">
          <reporter-output>
          </reporter-output>
        </test-method> <!-- loginpageCredentialsTest -->
        <test-method status="PASS" signature="tearDown()[pri:0, instance:com.qa.testcases.LoginPageTest@6d4b1c02]" name="tearDown" is-config="true" duration-ms="1480" started-at="2019-11-16T12:08:29Z" finished-at="2019-11-16T12:08:30Z">
          <reporter-output>
          </reporter-output>
        </test-method> <!-- tearDown -->
        <test-method status="PASS" signature="setUp()[pri:0, instance:com.qa.testcases.LoginPageTest@6d4b1c02]" name="setUp" is-config="true" duration-ms="19260" started-at="2019-11-16T12:08:31Z" finished-at="2019-11-16T12:08:50Z">
          <reporter-output>
          </reporter-output>
        </test-method> <!-- setUp -->
        <test-method status="PASS" signature="blankCredentialsTest()[pri:2, instance:com.qa.testcases.LoginPageTest@6d4b1c02]" name="blankCredentialsTest" duration-ms="617" started-at="2019-11-16T12:08:50Z" finished-at="2019-11-16T12:08:50Z">
          <reporter-output>
          </reporter-output>
        </test-method> <!-- blankCredentialsTest -->
        <test-method status="PASS" signature="tearDown()[pri:0, instance:com.qa.testcases.LoginPageTest@6d4b1c02]" name="tearDown" is-config="true" duration-ms="1448" started-at="2019-11-16T12:08:50Z" finished-at="2019-11-16T12:08:52Z">
          <reporter-output>
          </reporter-output>
        </test-method> <!-- tearDown -->
        <test-method status="PASS" signature="setUp()[pri:0, instance:com.qa.testcases.LoginPageTest@6d4b1c02]" name="setUp" is-config="true" duration-ms="14954" started-at="2019-11-16T12:08:52Z" finished-at="2019-11-16T12:09:07Z">
          <reporter-output>
          </reporter-output>
        </test-method> <!-- setUp -->
        <test-method status="PASS" signature="forgetPasswordTest()[pri:3, instance:com.qa.testcases.LoginPageTest@6d4b1c02]" name="forgetPasswordTest" duration-ms="3605" started-at="2019-11-16T12:09:07Z" finished-at="2019-11-16T12:09:10Z">
          <reporter-output>
          </reporter-output>
        </test-method> <!-- forgetPasswordTest -->
        <test-method status="PASS" signature="tearDown()[pri:0, instance:com.qa.testcases.LoginPageTest@6d4b1c02]" name="tearDown" is-config="true" duration-ms="1235" started-at="2019-11-16T12:09:11Z" finished-at="2019-11-16T12:09:12Z">
          <reporter-output>
          </reporter-output>
        </test-method> <!-- tearDown -->
      </class> <!-- com.qa.testcases.LoginPageTest -->
    </test> <!-- Default test -->
  </suite> <!-- Default suite -->
</testng-results>
