<?xml version="1.0" encoding="UTF-8"?>
<!-- Generated by org.testng.reporters.JUnitXMLReporter -->
<testsuite hostname="DESKTOP-SJFLRU4" ignored="0" name="Command line test" tests="3" failures="0" timestamp="16 Nov 2019 12:22:46 GMT" time="61.021" errors="0">
  <testcase name="loginpageCredentialsTest" time="4.24" classname="com.qa.testcases.LoginPageTest"/>
  <testcase name="blankCredentialsTest" time="0.383" classname="com.qa.testcases.LoginPageTest"/>
  <testcase name="forgetPasswordTest" time="2.279" classname="com.qa.testcases.LoginPageTest"/>
</testsuite> <!-- Command line test -->
